<?xml version="1.0" encoding="UTF-8"?>
<!-- Generated by org.testng.reporters.JUnitXMLReporter -->
<testsuite ignored="4" hostname="ArunMotoori" failures="0" tests="3" name="Default test" time="14.416" errors="0" timestamp="2024-10-18T21:45:15 IST">
  <testcase classname="tests.Login" name="verifyLoginWithValidCredentials" time="1.095"/>
  <testcase classname="tests.Login" name="verifyLoginWithValidCredentials" time="1.053"/>
  <testcase classname="tests.Login" name="verifyLoginWithValidCredentials" time="1.073"/>
  <testcase classname="tests.Login" name="verifyLoginWithInvalidCredentials" time="0.0">
    <ignored/>
  </testcase> <!-- verifyLoginWithInvalidCredentials -->
  <testcase classname="tests.Login" name="verifyLoginWithoutCredentials" time="0.0">
    <ignored/>
  </testcase> <!-- verifyLoginWithoutCredentials -->
  <testcase classname="tests.Login" name="verifyLoginWithInvalidEmailAndValidPassword" time="0.0">
    <ignored/>
  </testcase> <!-- verifyLoginWithInvalidEmailAndValidPassword -->
  <testcase classname="tests.Login" name="verifyLoginWithValidEmailAndInvalidPassword" time="0.0">
    <ignored/>
  </testcase> <!-- verifyLoginWithValidEmailAndInvalidPassword -->
</testsuite> <!-- Default test -->
