<?xml version="1.0" encoding="UTF-8"?>
<!-- Generated by org.testng.reporters.JUnitXMLReporter -->
<testsuite ignored="0" hostname="ArunMotoori" failures="0" tests="4" name="Default test" time="22.93" errors="0" timestamp="2024-09-20T21:09:26 IST">
  <testcase classname="tests.Login" name="verifyLoginWithValidCredentials" time="1.427"/>
  <testcase classname="tests.Login" name="verifyLoginWithInvalidCredentials" time="1.199"/>
  <testcase classname="tests.Login" name="verifyLoginWithInvalidEmailAndValidPassword" time="1.278"/>
  <testcase classname="tests.Login" name="verifyLoginWithValidEmailAndInvalidPassword" time="1.088"/>
</testsuite> <!-- Default test -->
