<?xml version="1.0" encoding="UTF-8"?>
<!-- Generated by org.testng.reporters.JUnitXMLReporter -->
<testsuite ignored="0" hostname="ArunMotoori" failures="0" tests="11" name="Test" time="56.255" errors="0" timestamp="2024-09-20T21:25:06 IST">
  <testcase classname="tests.Register" name="verifyRegisterAccountUsingMandatoryFields" time="1.587"/>
  <testcase classname="tests.Register" name="verifyRegisterAccountUsingAllFields" time="1.485"/>
  <testcase classname="tests.Register" name="verifyRegisterAccountWithoutAnyDetails" time="0.859"/>
  <testcase classname="tests.Login" name="verifyLoginWithValidCredentials" time="1.629"/>
  <testcase classname="tests.Login" name="verifyLoginWithInvalidCredentials" time="1.132"/>
  <testcase classname="tests.Login" name="verifyLoginWithInvalidEmailAndValidPassword" time="0.942"/>
  <testcase classname="tests.Login" name="verifyLoginWithValidEmailAndInvalidPassword" time="1.111"/>
  <testcase classname="tests.Login" name="verifyLoginWithoutCredentials" time="0.753"/>
  <testcase classname="tests.Search" name="verifySearchingForExisitingProduct" time="0.62"/>
  <testcase classname="tests.Search" name="verifySearchingForNonExistingProduct" time="0.601"/>
  <testcase classname="tests.Search" name="verifySearchingWithoutAnyProduct" time="0.654"/>
</testsuite> <!-- Test -->
