<?xml version="1.0" encoding="UTF-8"?>
<!-- Generated by org.testng.reporters.JUnitXMLReporter -->
<testsuite ignored="0" hostname="ArunMotoori" failures="0" tests="14" name="Test" time="63.665" errors="0" timestamp="2024-10-21T22:09:26 IST">
  <testcase classname="tests.Register" name="verifyRegisterAccountUsingMandatoryFields" time="1.701"/>
  <testcase classname="tests.Register" name="verifyRegisterAccountUsingAllFields" time="1.578"/>
  <testcase classname="tests.Register" name="verifyRegisterAccountWithoutAnyDetails" time="0.933"/>
  <testcase classname="tests.Login" name="verifyLoginWithValidCredentials" time="1.068"/>
  <testcase classname="tests.Login" name="verifyLoginWithValidCredentials" time="1.058"/>
  <testcase classname="tests.Login" name="verifyLoginWithValidCredentials" time="1.064"/>
  <testcase classname="tests.Login" name="verifyLoginWithInvalidCredentials" time="0.879"/>
  <testcase classname="tests.Login" name="verifyLoginWithInvalidEmailAndValidPassword" time="1.693"/>
  <testcase classname="tests.Login" name="verifyLoginWithValidEmailAndInvalidPassword" time="0.804"/>
  <testcase classname="tests.Login" name="verifyLoginWithoutCredentials" time="0.728"/>
  <testcase classname="tests.Search" name="verifySearchingForExisitingProduct" time="0.63"/>
  <testcase classname="tests.Search" name="verifySearchingForNonExistingProduct" time="0.464"/>
  <testcase classname="tests.Search" name="verifySearchingWithoutAnyProduct" time="0.493"/>
  <testcase classname="tests.Logout" name="verifyLogoutFromMyAccountMenu" time="2.42"/>
</testsuite> <!-- Test -->
