<?xml version="1.0" encoding="UTF-8"?>
<testng-results ignored="0" total="11" passed="11" failed="0" skipped="0">
  <reporter-output>
  </reporter-output>
  <suite started-at="2024-09-20T21:24:10 IST" name="Suite" finished-at="2024-09-20T21:25:06 IST" duration-ms="56255">
    <groups>
    </groups>
    <test started-at="2024-09-20T21:24:10 IST" name="Test" finished-at="2024-09-20T21:25:06 IST" duration-ms="56255">
      <class name="tests.Login">
        <test-method is-config="true" signature="setup()[pri:0, instance:tests.Login@515c6049]" started-at="2024-09-20T21:24:26 IST" name="setup" finished-at="2024-09-20T21:24:30 IST" duration-ms="3713" status="PASS">
          <reporter-output>
          </reporter-output>
        </test-method> <!-- setup -->
        <test-method signature="verifyLoginWithValidCredentials()[pri:1, instance:tests.Login@515c6049]" started-at="2024-09-20T21:24:30 IST" name="verifyLoginWithValidCredentials" finished-at="2024-09-20T21:24:32 IST" duration-ms="1629" status="PASS">
          <reporter-output>
          </reporter-output>
        </test-method> <!-- verifyLoginWithValidCredentials -->
        <test-method is-config="true" signature="teardown()[pri:0, instance:tests.Login@515c6049]" started-at="2024-09-20T21:24:32 IST" name="teardown" finished-at="2024-09-20T21:24:32 IST" duration-ms="308" status="PASS">
          <reporter-output>
          </reporter-output>
        </test-method> <!-- teardown -->
        <test-method is-config="true" signature="setup()[pri:0, instance:tests.Login@515c6049]" started-at="2024-09-20T21:24:32 IST" name="setup" finished-at="2024-09-20T21:24:36 IST" duration-ms="4117" status="PASS">
          <reporter-output>
          </reporter-output>
        </test-method> <!-- setup -->
        <test-method signature="verifyLoginWithInvalidCredentials()[pri:2, instance:tests.Login@515c6049]" started-at="2024-09-20T21:24:36 IST" name="verifyLoginWithInvalidCredentials" finished-at="2024-09-20T21:24:37 IST" duration-ms="1132" status="PASS">
          <reporter-output>
          </reporter-output>
        </test-method> <!-- verifyLoginWithInvalidCredentials -->
        <test-method is-config="true" signature="teardown()[pri:0, instance:tests.Login@515c6049]" started-at="2024-09-20T21:24:37 IST" name="teardown" finished-at="2024-09-20T21:24:38 IST" duration-ms="316" status="PASS">
          <reporter-output>
          </reporter-output>
        </test-method> <!-- teardown -->
        <test-method is-config="true" signature="setup()[pri:0, instance:tests.Login@515c6049]" started-at="2024-09-20T21:24:38 IST" name="setup" finished-at="2024-09-20T21:24:41 IST" duration-ms="3710" status="PASS">
          <reporter-output>
          </reporter-output>
        </test-method> <!-- setup -->
        <test-method signature="verifyLoginWithInvalidEmailAndValidPassword()[pri:3, instance:tests.Login@515c6049]" started-at="2024-09-20T21:24:41 IST" name="verifyLoginWithInvalidEmailAndValidPassword" finished-at="2024-09-20T21:24:42 IST" duration-ms="942" status="PASS">
          <reporter-output>
          </reporter-output>
        </test-method> <!-- verifyLoginWithInvalidEmailAndValidPassword -->
        <test-method is-config="true" signature="teardown()[pri:0, instance:tests.Login@515c6049]" started-at="2024-09-20T21:24:42 IST" name="teardown" finished-at="2024-09-20T21:24:43 IST" duration-ms="201" status="PASS">
          <reporter-output>
          </reporter-output>
        </test-method> <!-- teardown -->
        <test-method is-config="true" signature="setup()[pri:0, instance:tests.Login@515c6049]" started-at="2024-09-20T21:24:43 IST" name="setup" finished-at="2024-09-20T21:24:46 IST" duration-ms="3862" status="PASS">
          <reporter-output>
          </reporter-output>
        </test-method> <!-- setup -->
        <test-method signature="verifyLoginWithValidEmailAndInvalidPassword()[pri:4, instance:tests.Login@515c6049]" started-at="2024-09-20T21:24:46 IST" name="verifyLoginWithValidEmailAndInvalidPassword" finished-at="2024-09-20T21:24:47 IST" duration-ms="1111" status="PASS">
          <reporter-output>
          </reporter-output>
        </test-method> <!-- verifyLoginWithValidEmailAndInvalidPassword -->
        <test-method is-config="true" signature="teardown()[pri:0, instance:tests.Login@515c6049]" started-at="2024-09-20T21:24:47 IST" name="teardown" finished-at="2024-09-20T21:24:48 IST" duration-ms="363" status="PASS">
          <reporter-output>
          </reporter-output>
        </test-method> <!-- teardown -->
        <test-method is-config="true" signature="setup()[pri:0, instance:tests.Login@515c6049]" started-at="2024-09-20T21:24:48 IST" name="setup" finished-at="2024-09-20T21:24:52 IST" duration-ms="3894" status="PASS">
          <reporter-output>
          </reporter-output>
        </test-method> <!-- setup -->
        <test-method signature="verifyLoginWithoutCredentials()[pri:5, instance:tests.Login@515c6049]" started-at="2024-09-20T21:24:52 IST" name="verifyLoginWithoutCredentials" finished-at="2024-09-20T21:24:52 IST" duration-ms="753" status="PASS">
          <reporter-output>
          </reporter-output>
        </test-method> <!-- verifyLoginWithoutCredentials -->
        <test-method is-config="true" signature="teardown()[pri:0, instance:tests.Login@515c6049]" started-at="2024-09-20T21:24:52 IST" name="teardown" finished-at="2024-09-20T21:24:53 IST" duration-ms="291" status="PASS">
          <reporter-output>
          </reporter-output>
        </test-method> <!-- teardown -->
      </class> <!-- tests.Login -->
      <class name="tests.Search">
        <test-method is-config="true" signature="setup()[pri:0, instance:tests.Search@639c2c1d]" started-at="2024-09-20T21:24:53 IST" name="setup" finished-at="2024-09-20T21:24:56 IST" duration-ms="3193" status="PASS">
          <reporter-output>
          </reporter-output>
        </test-method> <!-- setup -->
        <test-method signature="verifySearchingForExisitingProduct()[pri:1, instance:tests.Search@639c2c1d]" started-at="2024-09-20T21:24:56 IST" name="verifySearchingForExisitingProduct" finished-at="2024-09-20T21:24:57 IST" duration-ms="620" status="PASS">
          <reporter-output>
          </reporter-output>
        </test-method> <!-- verifySearchingForExisitingProduct -->
        <test-method is-config="true" signature="teardown()[pri:0, instance:tests.Search@639c2c1d]" started-at="2024-09-20T21:24:57 IST" name="teardown" finished-at="2024-09-20T21:24:57 IST" duration-ms="289" status="PASS">
          <reporter-output>
          </reporter-output>
        </test-method> <!-- teardown -->
        <test-method is-config="true" signature="setup()[pri:0, instance:tests.Search@639c2c1d]" started-at="2024-09-20T21:24:57 IST" name="setup" finished-at="2024-09-20T21:25:00 IST" duration-ms="3176" status="PASS">
          <reporter-output>
          </reporter-output>
        </test-method> <!-- setup -->
        <test-method signature="verifySearchingForNonExistingProduct()[pri:2, instance:tests.Search@639c2c1d]" started-at="2024-09-20T21:25:00 IST" name="verifySearchingForNonExistingProduct" finished-at="2024-09-20T21:25:01 IST" duration-ms="601" status="PASS">
          <reporter-output>
          </reporter-output>
        </test-method> <!-- verifySearchingForNonExistingProduct -->
        <test-method is-config="true" signature="teardown()[pri:0, instance:tests.Search@639c2c1d]" started-at="2024-09-20T21:25:01 IST" name="teardown" finished-at="2024-09-20T21:25:01 IST" duration-ms="331" status="PASS">
          <reporter-output>
          </reporter-output>
        </test-method> <!-- teardown -->
        <test-method is-config="true" signature="setup()[pri:0, instance:tests.Search@639c2c1d]" started-at="2024-09-20T21:25:01 IST" name="setup" finished-at="2024-09-20T21:25:05 IST" duration-ms="3862" status="PASS">
          <reporter-output>
          </reporter-output>
        </test-method> <!-- setup -->
        <test-method signature="verifySearchingWithoutAnyProduct()[pri:3, instance:tests.Search@639c2c1d]" started-at="2024-09-20T21:25:05 IST" name="verifySearchingWithoutAnyProduct" finished-at="2024-09-20T21:25:06 IST" duration-ms="654" status="PASS">
          <reporter-output>
          </reporter-output>
        </test-method> <!-- verifySearchingWithoutAnyProduct -->
        <test-method is-config="true" signature="teardown()[pri:0, instance:tests.Search@639c2c1d]" started-at="2024-09-20T21:25:06 IST" name="teardown" finished-at="2024-09-20T21:25:06 IST" duration-ms="294" status="PASS">
          <reporter-output>
          </reporter-output>
        </test-method> <!-- teardown -->
      </class> <!-- tests.Search -->
      <class name="tests.Register">
        <test-method is-config="true" signature="setup()[pri:0, instance:tests.Register@747ddf94]" started-at="2024-09-20T21:24:10 IST" name="setup" finished-at="2024-09-20T21:24:14 IST" duration-ms="4365" status="PASS">
          <reporter-output>
          </reporter-output>
        </test-method> <!-- setup -->
        <test-method signature="verifyRegisterAccountUsingMandatoryFields()[pri:1, instance:tests.Register@747ddf94]" started-at="2024-09-20T21:24:14 IST" name="verifyRegisterAccountUsingMandatoryFields" finished-at="2024-09-20T21:24:16 IST" duration-ms="1587" status="PASS">
          <reporter-output>
          </reporter-output>
        </test-method> <!-- verifyRegisterAccountUsingMandatoryFields -->
        <test-method is-config="true" signature="teardown()[pri:0, instance:tests.Register@747ddf94]" started-at="2024-09-20T21:24:16 IST" name="teardown" finished-at="2024-09-20T21:24:16 IST" duration-ms="313" status="PASS">
          <reporter-output>
          </reporter-output>
        </test-method> <!-- teardown -->
        <test-method is-config="true" signature="setup()[pri:0, instance:tests.Register@747ddf94]" started-at="2024-09-20T21:24:16 IST" name="setup" finished-at="2024-09-20T21:24:20 IST" duration-ms="3767" status="PASS">
          <reporter-output>
          </reporter-output>
        </test-method> <!-- setup -->
        <test-method signature="verifyRegisterAccountUsingAllFields()[pri:2, instance:tests.Register@747ddf94]" started-at="2024-09-20T21:24:20 IST" name="verifyRegisterAccountUsingAllFields" finished-at="2024-09-20T21:24:21 IST" duration-ms="1485" status="PASS">
          <reporter-output>
          </reporter-output>
        </test-method> <!-- verifyRegisterAccountUsingAllFields -->
        <test-method is-config="true" signature="teardown()[pri:0, instance:tests.Register@747ddf94]" started-at="2024-09-20T21:24:21 IST" name="teardown" finished-at="2024-09-20T21:24:21 IST" duration-ms="214" status="PASS">
          <reporter-output>
          </reporter-output>
        </test-method> <!-- teardown -->
        <test-method is-config="true" signature="setup()[pri:0, instance:tests.Register@747ddf94]" started-at="2024-09-20T21:24:21 IST" name="setup" finished-at="2024-09-20T21:24:25 IST" duration-ms="3891" status="PASS">
          <reporter-output>
          </reporter-output>
        </test-method> <!-- setup -->
        <test-method signature="verifyRegisterAccountWithoutAnyDetails()[pri:3, instance:tests.Register@747ddf94]" started-at="2024-09-20T21:24:25 IST" name="verifyRegisterAccountWithoutAnyDetails" finished-at="2024-09-20T21:24:26 IST" duration-ms="859" status="PASS">
          <reporter-output>
          </reporter-output>
        </test-method> <!-- verifyRegisterAccountWithoutAnyDetails -->
        <test-method is-config="true" signature="teardown()[pri:0, instance:tests.Register@747ddf94]" started-at="2024-09-20T21:24:26 IST" name="teardown" finished-at="2024-09-20T21:24:26 IST" duration-ms="297" status="PASS">
          <reporter-output>
          </reporter-output>
        </test-method> <!-- teardown -->
      </class> <!-- tests.Register -->
    </test> <!-- Test -->
  </suite> <!-- Suite -->
</testng-results>
